<?xml version="1.0" encoding="UTF-8"?>
<testng-results ignored="0" total="1" passed="1" failed="0" skipped="0">
  <reporter-output>
  </reporter-output>
  <suite started-at="2022-09-23T17:01:47 IST" name="Suite" finished-at="2022-09-23T17:02:29 IST" duration-ms="41631">
    <groups>
    </groups>
    <test started-at="2022-09-23T17:01:47 IST" name="Test" finished-at="2022-09-23T17:02:29 IST" duration-ms="41631">
      <class name="com.facebook.scripts.VerifyRegisterPage">
        <test-method is-config="true" signature="setUp(java.lang.String)[pri:0, instance:com.facebook.scripts.VerifyRegisterPage@44821a96]" started-at="2022-09-23T17:01:47 IST" name="setUp" finished-at="2022-09-23T17:02:13 IST" duration-ms="25769" status="PASS">
          <params>
            <param index="0">
              <value>
                <![CDATA[chrome]]>
              </value>
            </param>
          </params>
          <reporter-output>
          </reporter-output>
        </test-method> <!-- setUp -->
        <test-method signature="verifyRegisterPage()[pri:0, instance:com.facebook.scripts.VerifyRegisterPage@44821a96]" started-at="2022-09-23T17:02:13 IST" name="verifyRegisterPage" finished-at="2022-09-23T17:02:24 IST" duration-ms="11231" status="PASS">
          <reporter-output>
          </reporter-output>
        </test-method> <!-- verifyRegisterPage -->
        <test-method is-config="true" signature="tearDown()[pri:0, instance:com.facebook.scripts.VerifyRegisterPage@44821a96]" started-at="2022-09-23T17:02:24 IST" name="tearDown" finished-at="2022-09-23T17:02:29 IST" duration-ms="4492" status="PASS">
          <reporter-output>
          </reporter-output>
        </test-method> <!-- tearDown -->
      </class> <!-- com.facebook.scripts.VerifyRegisterPage -->
    </test> <!-- Test -->
  </suite> <!-- Suite -->
</testng-results>
